  Cursor.cpp
d:\project\smalldb\smalldb\db\cursor.h(10): error C2039: “weak_ptr”: 不是“std”的成员
  c:\program files (x86)\microsoft visual studio 14.0\vc\include\vector(17): note: 参见“std”的声明
d:\project\smalldb\smalldb\db\cursor.h(10): error C2143: 语法错误: 缺少“;”(在“<”的前面)
d:\project\smalldb\smalldb\db\cursor.h(10): error C4430: 缺少类型说明符 - 假定为 int。注意: C++ 不支持默认 int
d:\project\smalldb\smalldb\db\cursor.h(10): error C2238: 意外的标记位于“;”之前
d:\project\smalldb\smalldb\db\cursor.h(11): error C2039: “weak_ptr”: 不是“std”的成员
  c:\program files (x86)\microsoft visual studio 14.0\vc\include\vector(17): note: 参见“std”的声明
d:\project\smalldb\smalldb\db\cursor.h(11): error C2143: 语法错误: 缺少“;”(在“<”的前面)
d:\project\smalldb\smalldb\db\cursor.h(11): error C4430: 缺少类型说明符 - 假定为 int。注意: C++ 不支持默认 int
d:\project\smalldb\smalldb\db\cursor.h(11): error C2238: 意外的标记位于“;”之前
d:\project\smalldb\smalldb\db\cursor.h(21): error C2039: “weak_ptr”: 不是“std”的成员
  c:\program files (x86)\microsoft visual studio 14.0\vc\include\vector(17): note: 参见“std”的声明
d:\project\smalldb\smalldb\db\cursor.h(21): error C2143: 语法错误: 缺少“;”(在“<”的前面)
d:\project\smalldb\smalldb\db\cursor.h(21): error C4430: 缺少类型说明符 - 假定为 int。注意: C++ 不支持默认 int
d:\project\smalldb\smalldb\db\cursor.h(21): error C2238: 意外的标记位于“;”之前
  bucket.cpp
  node.cpp
d:\project\smalldb\smalldb\btree\node.cpp(34): warning C4267: “+=”: 从“size_t”转换到“int”，可能丢失数据
d:\project\smalldb\smalldb\btree\node.cpp(46): warning C4267: “+=”: 从“size_t”转换到“int”，可能丢失数据
d:\project\smalldb\smalldb\btree\node.cpp(80): warning C4267: “return”: 从“size_t”转换到“int”，可能丢失数据
  正在生成代码...
d:\project\smalldb\smalldb\btree\node.cpp(72): warning C4715: “Node::ChildAt”: 不是所有的控件路径都返回值
d:\project\smalldb\smalldb\btree\node.cpp(76): error C4716: “Node::ChildIndex”: 必须返回一个值
d:\project\smalldb\smalldb\btree\node.cpp(85): error C4716: “Node::NextSibling”: 必须返回一个值
d:\project\smalldb\smalldb\btree\node.cpp(89): error C4716: “Node::PrevSibling”: 必须返回一个值
d:\project\smalldb\smalldb\btree\node.cpp(110): error C4716: “Node::Split”: 必须返回一个值
d:\project\smalldb\smalldb\btree\node.cpp(114): error C4716: “Node::SplitTwo”: 必须返回一个值
d:\project\smalldb\smalldb\btree\node.cpp(118): error C4716: “Node::SplitIndex”: 必须返回一个值
d:\project\smalldb\smalldb\btree\node.cpp(122): error C4716: “Node::Spill”: 必须返回一个值
d:\project\smalldb\smalldb\bucket\bucket.cpp(15): error C4716: “Bucket::Root”: 必须返回一个值
d:\project\smalldb\smalldb\bucket\bucket.cpp(23): error C4716: “Bucket::GetCursor”: 必须返回一个值
d:\project\smalldb\smalldb\bucket\bucket.cpp(27): error C4716: “Bucket::GetBucket”: 必须返回一个值
d:\project\smalldb\smalldb\bucket\bucket.cpp(11): error C4716: “Bucket::GetTx”: 必须返回一个值
d:\project\smalldb\smalldb\bucket\bucket.cpp(31): error C4716: “Bucket::OpenBucket”: 必须返回一个值
d:\project\smalldb\smalldb\bucket\bucket.cpp(19): error C4716: “Bucket::Writable”: 必须返回一个值
d:\project\smalldb\smalldb\bucket\bucket.cpp(35): error C4716: “Bucket::CreateBucket”: 必须返回一个值
d:\project\smalldb\smalldb\bucket\bucket.cpp(39): error C4716: “Bucket::CreateBucketIfNotExists”: 必须返回一个值
d:\project\smalldb\smalldb\bucket\bucket.cpp(7): error C4716: “Bucket::NewBucket”: 必须返回一个值
d:\project\smalldb\smalldb\bucket\bucket.cpp(47): error C4716: “Bucket::Get”: 必须返回一个值
d:\project\smalldb\smalldb\bucket\bucket.cpp(59): error C4716: “Bucket::Sequence”: 必须返回一个值
d:\project\smalldb\smalldb\bucket\bucket.cpp(63): error C4716: “Bucket::SetSequence”: 必须返回一个值
d:\project\smalldb\smalldb\bucket\bucket.cpp(51): error C4716: “Bucket::Put”: 必须返回一个值
d:\project\smalldb\smalldb\bucket\bucket.cpp(67): error C4716: “Bucket::NextSequence”: 必须返回一个值
